<?xml version="1.0" encoding="UTF-8"?>
<coverage generated="1524983790750" clover="3.2.0">
  <project timestamp="1524983790750" name="All files">
    <metrics statements="6" coveredstatements="1" conditionals="4" coveredconditionals="0" methods="2" coveredmethods="1" elements="12" coveredelements="2" complexity="0" loc="6" ncloc="6" packages="1" files="2" classes="2">
      <file name="App.js" path="/Users/ruphaag/Documents/training/MEAN/file-parser/client/src/App.js">
        <metrics statements="1" coveredstatements="1" conditionals="0" coveredconditionals="0" methods="1" coveredmethods="1"/>
        <line num="7" count="1" type="stmt"/>
      </file>
      <file name="index.js" path="/Users/ruphaag/Documents/training/MEAN/file-parser/client/src/index.js">
        <metrics statements="5" coveredstatements="0" conditionals="4" coveredconditionals="0" methods="1" coveredmethods="0"/>
        <line num="1" count="0" type="stmt"/>
        <line num="2" count="0" type="stmt"/>
        <line num="3" count="0" type="stmt"/>
        <line num="4" count="0" type="cond" truecount="0" falsecount="4"/>
        <line num="6" count="0" type="stmt"/>
      </file>
    </metrics>
  </project>
</coverage>
